2026-04-13 05:00:12 [main] INFO  BaseClass - Config file loaded successfully
2026-04-13 05:00:14 [main] INFO  BaseClass - Chrome browser launched
2026-04-13 05:00:15 [main] INFO  BaseClass - Navigated to: https://www.saucedemo.com/
2026-04-13 05:00:15 [main] INFO  BaseClass - Starting valid login test
2026-04-13 05:00:15 [main] INFO  BaseClass - Valid login test passed
2026-04-13 05:00:15 [main] INFO  BaseClass - Starting invalid login test
2026-04-13 05:00:26 [main] INFO  BaseClass - Starting empty fields login test
2026-04-13 05:00:26 [main] INFO  BaseClass - Empty fields test passed - error shown: Epic sadface: Username is required
2026-04-13 05:00:26 [main] INFO  BaseClass - Browser closed
2026-04-13 05:02:58 [main] INFO  BaseClass - Config file loaded successfully
2026-04-13 05:03:00 [main] INFO  BaseClass - Chrome browser launched
2026-04-13 05:03:00 [main] INFO  BaseClass - Navigated to: https://www.saucedemo.com/
2026-04-13 05:03:00 [main] INFO  BaseClass - Starting valid login test
2026-04-13 05:03:01 [main] INFO  BaseClass - Valid login test passed
2026-04-13 05:03:01 [main] INFO  BaseClass - Starting invalid login test
2026-04-13 05:03:11 [main] INFO  BaseClass - Starting empty fields login test
2026-04-13 05:03:11 [main] INFO  BaseClass - Empty fields test passed - error shown: Epic sadface: Username is required
2026-04-13 05:03:11 [main] INFO  BaseClass - Browser closed
2026-04-13 05:07:36 [main] INFO  BaseClass - Config file loaded successfully
2026-04-13 05:07:37 [main] INFO  BaseClass - Chrome browser launched
2026-04-13 05:07:39 [main] INFO  BaseClass - Navigated to: https://www.saucedemo.com/
2026-04-13 05:07:39 [main] INFO  BaseClass - Starting valid login test
2026-04-13 05:07:39 [main] INFO  BaseClass - Valid login test passed
2026-04-13 05:07:39 [main] INFO  BaseClass - Starting invalid login test
2026-04-13 05:07:39 [main] INFO  BaseClass - Invalid login test passed - error: Epic sadface: Sorry, this user has been locked out.
2026-04-13 05:07:39 [main] INFO  BaseClass - Starting empty fields login test
2026-04-13 05:07:39 [main] INFO  BaseClass - Empty fields test passed - error shown: Epic sadface: Username is required
2026-04-13 05:07:40 [main] INFO  BaseClass - Browser closed
2026-04-13 05:08:15 [main] INFO  BaseClass - Config file loaded successfully
2026-04-13 05:08:16 [main] INFO  BaseClass - Chrome browser launched
2026-04-13 05:08:17 [main] INFO  BaseClass - Navigated to: https://www.saucedemo.com/
2026-04-13 05:08:17 [main] INFO  BaseClass - Starting add to cart test
2026-04-13 05:08:18 [main] INFO  BaseClass - Backpack added to cart
2026-04-13 05:08:18 [main] INFO  BaseClass - Bike Light added to cart
2026-04-13 05:08:18 [main] INFO  BaseClass - Cart badge shows: 2
2026-04-13 05:08:18 [main] INFO  BaseClass - Browser closed
2026-04-13 05:08:51 [main] INFO  BaseClass - Config file loaded successfully
2026-04-13 05:08:52 [main] INFO  BaseClass - Chrome browser launched
2026-04-13 05:08:53 [main] INFO  BaseClass - Navigated to: https://www.saucedemo.com/
2026-04-13 05:08:53 [main] INFO  BaseClass - Starting add to cart test
2026-04-13 05:08:53 [main] INFO  BaseClass - Backpack added to cart
2026-04-13 05:08:54 [main] INFO  BaseClass - Bike Light added to cart
2026-04-13 05:08:54 [main] INFO  BaseClass - Cart badge shows: 2
2026-04-13 05:08:54 [main] INFO  BaseClass - Browser closed
2026-04-13 05:16:44 [main] INFO  BaseClass - Config file loaded successfully
2026-04-13 05:16:45 [main] INFO  BaseClass - Chrome browser launched
2026-04-13 05:16:46 [main] INFO  BaseClass - Navigated to: https://www.saucedemo.com/
2026-04-13 05:16:46 [main] INFO  BaseClass - Starting add to cart test
2026-04-13 05:16:54 [main] INFO  BaseClass - Cart badge shows: 2
2026-04-13 05:16:55 [main] INFO  BaseClass - Browser closed
2026-04-13 05:17:33 [main] INFO  BaseClass - Config file loaded successfully
2026-04-13 05:17:35 [main] INFO  BaseClass - Chrome browser launched
2026-04-13 05:17:35 [main] INFO  BaseClass - Navigated to: https://www.saucedemo.com/
2026-04-13 05:17:35 [main] INFO  BaseClass - Starting checkout flow test
2026-04-13 05:17:53 [main] INFO  BaseClass - Order confirmed: Thank you for your order!
2026-04-13 05:17:53 [main] INFO  BaseClass - Browser closed
2026-04-13 05:18:20 [main] INFO  BaseClass - Config file loaded successfully
2026-04-13 05:18:22 [main] INFO  BaseClass - Chrome browser launched
2026-04-13 05:18:23 [main] INFO  BaseClass - Navigated to: https://www.saucedemo.com/
2026-04-13 05:18:23 [main] INFO  BaseClass - === Starting End to End Test ===
2026-04-13 05:18:23 [main] INFO  BaseClass - Step 1: Logging in
2026-04-13 05:18:23 [main] INFO  BaseClass - Step 2: Adding Backpack to cart
2026-04-13 05:18:23 [main] INFO  BaseClass - Step 3: Adding Bike Light to cart
2026-04-13 05:18:23 [main] INFO  BaseClass - Step 4: Going to cart
2026-04-13 05:18:23 [main] INFO  BaseClass - Step 5: Clicking checkout
2026-04-13 05:18:23 [main] INFO  BaseClass - Step 6: Filling checkout info
2026-04-13 05:18:24 [main] INFO  BaseClass - Step 7: Clicking finish
2026-04-13 05:18:24 [main] INFO  BaseClass - Step 8: Verifying order confirmation
2026-04-13 05:18:34 [main] INFO  BaseClass - Browser closed
2026-04-13 05:19:45 [main] INFO  BaseClass - Config file loaded successfully
2026-04-13 05:19:46 [main] INFO  BaseClass - Chrome browser launched
2026-04-13 05:19:47 [main] INFO  BaseClass - Navigated to: https://www.saucedemo.com/
2026-04-13 05:19:47 [main] INFO  BaseClass - === Starting End to End Test ===
2026-04-13 05:19:47 [main] INFO  BaseClass - Step 1: Logging in
2026-04-13 05:19:47 [main] INFO  BaseClass - Step 2: Adding Backpack to cart
2026-04-13 05:19:48 [main] INFO  BaseClass - Step 3: Adding Bike Light to cart
2026-04-13 05:19:48 [main] INFO  BaseClass - Step 4: Going to cart
2026-04-13 05:19:48 [main] INFO  BaseClass - Step 5: Clicking checkout
2026-04-13 05:19:48 [main] INFO  BaseClass - Step 6: Filling checkout info
2026-04-13 05:19:48 [main] INFO  BaseClass - Step 7: Clicking finish
2026-04-13 05:19:48 [main] INFO  BaseClass - Step 8: Verifying order confirmation
2026-04-13 05:19:52 [main] INFO  BaseClass - === End to End Test PASSED ===
2026-04-13 05:19:52 [main] INFO  BaseClass - Browser closed
2026-04-13 05:20:24 [main] INFO  BaseClass - Config file loaded successfully
2026-04-13 05:20:26 [main] INFO  BaseClass - Chrome browser launched
2026-04-13 05:20:26 [main] INFO  BaseClass - Navigated to: https://www.saucedemo.com/
2026-04-13 05:20:26 [main] INFO  BaseClass - === Starting End to End Test ===
2026-04-13 05:20:26 [main] INFO  BaseClass - Step 1: Logging in
2026-04-13 05:20:27 [main] INFO  BaseClass - Step 2: Adding Backpack to cart
2026-04-13 05:20:27 [main] INFO  BaseClass - Step 3: Adding Bike Light to cart
2026-04-13 05:20:27 [main] INFO  BaseClass - Step 4: Going to cart
2026-04-13 05:20:27 [main] INFO  BaseClass - Step 5: Clicking checkout
2026-04-13 05:20:27 [main] INFO  BaseClass - Step 6: Filling checkout info
2026-04-13 05:20:37 [main] INFO  BaseClass - Browser closed
2026-04-13 05:22:17 [main] INFO  BaseClass - Config file loaded successfully
2026-04-13 05:22:18 [main] INFO  BaseClass - Chrome browser launched
2026-04-13 05:22:18 [main] INFO  BaseClass - Navigated to: https://www.saucedemo.com/
2026-04-13 05:22:18 [main] INFO  BaseClass - === Starting End to End Test ===
2026-04-13 05:22:18 [main] INFO  BaseClass - Step 1: Logging in
2026-04-13 05:22:21 [main] INFO  BaseClass - Step 2: Adding Backpack to cart
2026-04-13 05:22:22 [main] INFO  BaseClass - Step 3: Adding Bike Light to cart
2026-04-13 05:22:24 [main] INFO  BaseClass - Browser closed
2026-04-13 05:24:19 [main] INFO  BaseClass - Config file loaded successfully
2026-04-13 05:24:20 [main] INFO  BaseClass - Chrome browser launched
2026-04-13 05:24:21 [main] INFO  BaseClass - Navigated to: https://www.saucedemo.com/
2026-04-13 05:24:21 [main] INFO  BaseClass - === Starting End to End Test ===
2026-04-13 05:24:21 [main] INFO  BaseClass - Step 1: Logging in
2026-04-13 05:24:23 [main] INFO  BaseClass - Step 2: Adding Backpack to cart
2026-04-13 05:24:35 [main] INFO  BaseClass - Browser closed
2026-04-13 05:26:29 [main] INFO  BaseClass - Config file loaded successfully
2026-04-13 05:26:30 [main] INFO  BaseClass - Chrome browser launched
2026-04-13 05:26:31 [main] INFO  BaseClass - Navigated to: https://www.saucedemo.com/
2026-04-13 05:26:31 [main] INFO  BaseClass - === Starting End to End Test ===
2026-04-13 05:26:31 [main] INFO  BaseClass - Step 1: Logging in
2026-04-13 05:26:33 [main] INFO  BaseClass - Step 2: Adding Backpack to cart
2026-04-13 05:26:34 [main] INFO  BaseClass - Step 3: Adding Bike Light to cart
2026-04-13 05:26:46 [main] INFO  BaseClass - Browser closed
2026-04-13 05:28:09 [main] INFO  BaseClass - Config file loaded successfully
2026-04-13 05:28:11 [main] INFO  BaseClass - Chrome browser launched
2026-04-13 05:28:11 [main] INFO  BaseClass - Navigated to: https://www.saucedemo.com/
2026-04-13 05:28:11 [main] INFO  BaseClass - === Starting End to End Test ===
2026-04-13 05:28:11 [main] INFO  BaseClass - Step 1: Logging in
2026-04-13 05:28:14 [main] INFO  BaseClass - Step 2: Adding Backpack to cart
2026-04-13 05:28:15 [main] INFO  BaseClass - Step 3: Adding Bike Light to cart
2026-04-13 05:28:16 [main] INFO  BaseClass - Step 4: Going to cart
2026-04-13 05:28:18 [main] INFO  BaseClass - Step 5: Clicking checkout
2026-04-13 05:28:21 [main] INFO  BaseClass - Step 6: Filling checkout info
2026-04-13 05:28:27 [main] INFO  BaseClass - Step 7: Clicking finish
2026-04-13 05:28:30 [main] INFO  BaseClass - Step 8: Verifying order confirmation
2026-04-13 05:28:30 [main] INFO  BaseClass - === End to End Test PASSED ===
2026-04-13 05:28:30 [main] INFO  BaseClass - Browser closed
2026-04-13 05:29:10 [main] INFO  BaseClass - Config file loaded successfully
2026-04-13 05:29:11 [main] INFO  BaseClass - Chrome browser launched
2026-04-13 05:29:12 [main] INFO  BaseClass - Navigated to: https://www.saucedemo.com/
2026-04-13 05:29:12 [main] INFO  BaseClass - Starting checkout flow test
2026-04-13 05:29:30 [main] INFO  BaseClass - Order confirmed: Thank you for your order!
2026-04-13 05:29:30 [main] INFO  BaseClass - Browser closed
2026-04-13 05:30:15 [main] INFO  BaseClass - Config file loaded successfully
2026-04-13 05:30:16 [main] INFO  BaseClass - Chrome browser launched
2026-04-13 05:30:17 [main] INFO  BaseClass - Navigated to: https://www.saucedemo.com/
2026-04-13 05:30:19 [main] INFO  BaseClass - Testing login with user: standard_user
2026-04-13 05:30:19 [main] INFO  BaseClass - Valid login passed for: standard_user
2026-04-13 05:30:19 [main] INFO  BaseClass - Testing login with user: locked_out_user
2026-04-13 05:30:20 [main] INFO  BaseClass - Invalid login correctly blocked: locked_out_user
2026-04-13 05:30:20 [main] INFO  BaseClass - Testing login with user: wrong_user
2026-04-13 05:30:20 [main] INFO  BaseClass - Invalid login correctly blocked: wrong_user
2026-04-13 05:30:20 [main] INFO  BaseClass - Browser closed
2026-04-13 05:34:37 [main] INFO  BaseClass - Config file loaded successfully
2026-04-13 05:34:39 [main] INFO  BaseClass - Chrome browser launched
2026-04-13 05:34:40 [main] INFO  BaseClass - Navigated to: https://www.saucedemo.com/
2026-04-13 05:34:40 [main] INFO  TestListeners - TEST STARTED: verify_ValidLogin
2026-04-13 05:34:40 [main] INFO  BaseClass - Starting valid login test
2026-04-13 05:34:40 [main] INFO  BaseClass - Valid login test passed
2026-04-13 05:34:40 [main] INFO  TestListeners - TEST PASSED: verify_ValidLogin
2026-04-13 05:34:40 [main] INFO  TestListeners - TEST STARTED: verify_InvalidLogin
2026-04-13 05:34:40 [main] INFO  BaseClass - Starting invalid login test
2026-04-13 05:34:41 [main] INFO  BaseClass - Invalid login test passed - error: Epic sadface: Sorry, this user has been locked out.
2026-04-13 05:34:41 [main] INFO  TestListeners - TEST PASSED: verify_InvalidLogin
2026-04-13 05:34:41 [main] INFO  TestListeners - TEST STARTED: verify_EmptyFieldsLogin
2026-04-13 05:34:41 [main] INFO  BaseClass - Starting empty fields login test
2026-04-13 05:34:41 [main] INFO  BaseClass - Empty fields test passed - error shown: Epic sadface: Username is required
2026-04-13 05:34:41 [main] INFO  TestListeners - TEST PASSED: verify_EmptyFieldsLogin
2026-04-13 05:34:41 [main] INFO  BaseClass - Browser closed
2026-04-13 05:34:41 [main] INFO  BaseClass - Config file loaded successfully
2026-04-13 05:34:42 [main] INFO  BaseClass - Chrome browser launched
2026-04-13 05:34:43 [main] INFO  BaseClass - Navigated to: https://www.saucedemo.com/
2026-04-13 05:34:43 [main] INFO  TestListeners - TEST STARTED: verify_AddProductsToCart
2026-04-13 05:34:43 [main] INFO  BaseClass - Starting add to cart test
2026-04-13 05:34:52 [main] INFO  BaseClass - Cart badge shows: 2
2026-04-13 05:34:52 [main] INFO  TestListeners - TEST PASSED: verify_AddProductsToCart
2026-04-13 05:34:52 [main] INFO  BaseClass - Browser closed
2026-04-13 05:34:52 [main] INFO  BaseClass - Config file loaded successfully
2026-04-13 05:34:53 [main] INFO  BaseClass - Chrome browser launched
2026-04-13 05:34:54 [main] INFO  BaseClass - Navigated to: https://www.saucedemo.com/
2026-04-13 05:34:54 [main] INFO  TestListeners - TEST STARTED: verify_CheckoutFlow
2026-04-13 05:34:54 [main] INFO  BaseClass - Starting checkout flow test
2026-04-13 05:35:11 [main] INFO  BaseClass - Order confirmed: Thank you for your order!
2026-04-13 05:35:11 [main] INFO  TestListeners - TEST PASSED: verify_CheckoutFlow
2026-04-13 05:35:11 [main] INFO  BaseClass - Browser closed
2026-04-13 05:35:11 [main] INFO  BaseClass - Config file loaded successfully
2026-04-13 05:35:12 [main] INFO  BaseClass - Chrome browser launched
2026-04-13 05:35:14 [main] INFO  BaseClass - Navigated to: https://www.saucedemo.com/
2026-04-13 05:35:14 [main] INFO  TestListeners - TEST STARTED: verify_CompletePurchaseFlow
2026-04-13 05:35:14 [main] INFO  BaseClass - === Starting End to End Test ===
2026-04-13 05:35:14 [main] INFO  BaseClass - Step 1: Logging in
2026-04-13 05:35:16 [main] INFO  BaseClass - Step 2: Adding Backpack to cart
2026-04-13 05:35:17 [main] INFO  BaseClass - Step 3: Adding Bike Light to cart
2026-04-13 05:35:18 [main] INFO  BaseClass - Step 4: Going to cart
2026-04-13 05:35:20 [main] INFO  BaseClass - Step 5: Clicking checkout
2026-04-13 05:35:23 [main] INFO  BaseClass - Step 6: Filling checkout info
2026-04-13 05:35:29 [main] INFO  BaseClass - Step 7: Clicking finish
2026-04-13 05:35:32 [main] INFO  BaseClass - Step 8: Verifying order confirmation
2026-04-13 05:35:32 [main] INFO  BaseClass - === End to End Test PASSED ===
2026-04-13 05:35:32 [main] INFO  TestListeners - TEST PASSED: verify_CompletePurchaseFlow
2026-04-13 05:35:32 [main] INFO  BaseClass - Browser closed
2026-04-13 05:35:32 [main] INFO  BaseClass - Config file loaded successfully
2026-04-13 05:35:33 [main] INFO  BaseClass - Chrome browser launched
2026-04-13 05:35:34 [main] INFO  BaseClass - Navigated to: https://www.saucedemo.com/
2026-04-13 05:35:35 [main] INFO  TestListeners - TEST STARTED: verify_LoginWithMultipleUsers
2026-04-13 05:35:35 [main] INFO  BaseClass - Testing login with user: standard_user
2026-04-13 05:35:35 [main] INFO  BaseClass - Valid login passed for: standard_user
2026-04-13 05:35:35 [main] INFO  TestListeners - TEST PASSED: verify_LoginWithMultipleUsers
2026-04-13 05:35:35 [main] INFO  TestListeners - TEST STARTED: verify_LoginWithMultipleUsers
2026-04-13 05:35:35 [main] INFO  BaseClass - Testing login with user: locked_out_user
2026-04-13 05:35:35 [main] INFO  BaseClass - Invalid login correctly blocked: locked_out_user
2026-04-13 05:35:35 [main] INFO  TestListeners - TEST PASSED: verify_LoginWithMultipleUsers
2026-04-13 05:35:35 [main] INFO  TestListeners - TEST STARTED: verify_LoginWithMultipleUsers
2026-04-13 05:35:35 [main] INFO  BaseClass - Testing login with user: wrong_user
2026-04-13 05:35:36 [main] INFO  BaseClass - Invalid login correctly blocked: wrong_user
2026-04-13 05:35:36 [main] INFO  TestListeners - TEST PASSED: verify_LoginWithMultipleUsers
2026-04-13 05:35:36 [main] INFO  BaseClass - Browser closed
